<?xml version="1.0" encoding="UTF-8"?>
<!-- Generated by org.testng.reporters.JUnitXMLReporter -->
<testsuite hostname="IND-ACER-LP1" name="Default test" tests="8" failures="0" timestamp="10 Jul 2015 03:01:41 GMT" time="0.126" errors="0">
  <testcase name="personDetails" time="0.014" classname="com.java.testNg.StringConTest"/>
  <testcase name="personDetails" time="0.003" classname="com.java.testNg.StringConTest"/>
  <testcase name="personDetails" time="0.005" classname="com.java.testNg.StringConTest"/>
  <testcase name="stringNotNull" time="0.009" classname="com.java.testNg.StringConTest"/>
  <testcase name="stringNullException" time="0.003" classname="com.java.testNg.StringConTest"/>
  <testcase name="innovaction" time="0.002" classname="com.java.testNg.StringConTest"/>
  <testcase name="innovaction" time="0.0" classname="com.java.testNg.StringConTest"/>
  <testcase name="stringGroups" time="0.001" classname="com.java.testNg.StringConTest"/>
</testsuite> <!-- Default test -->
