<?xml version="1.0" encoding="UTF-8"?>
<!-- Generated by org.testng.reporters.JUnitXMLReporter -->
<testsuite hostname="ShilpiPC" name="Regression(failed)" tests="1" failures="1" timestamp="19 May 2015 17:52:42 GMT" time="23.848" errors="0">
  <testcase name="testAllImages" time="2.741" classname="com.sh.tests.SHFacilitiesTest">
    <failure type="java.lang.AssertionError" message="null">
      <![CDATA[java.lang.AssertionError: null
	at com.sh.tests.SHFacilitiesTest.testAllImages(SHFacilitiesTest.java:97)
... Removed 26 stack frames]]>
    </failure>
  </testcase> <!-- testAllImages -->
</testsuite> <!-- Regression(failed) -->
