<?xml version="1.0" encoding="UTF-8"?>
<testsuite name="TestSuite" time="22.661" tests="15" errors="0" skipped="12" failures="3">
  <properties>
[...]
</properties>
  <testcase name="openBrowser" classname="com.wbqa.samples.WD.TestMC" time="1.109">
    <failure message="&#10;Method openBrowser requires 1 parameters but 0 were supplied in the @Configuration annotation." type="org.testng.TestNGException">org.testng.TestNGException: 
Method openBrowser requires 1 parameters but 0 were supplied in the @Configuration annotation.
	at org.testng.internal.Parameters.checkParameterTypes(Parameters.java:198)
	at org.testng.internal.Parameters.createParameters(Parameters.java:134)
	at org.testng.internal.Parameters.createParameters(Parameters.java:373)
	at org.testng.internal.Parameters.createConfigurationParameters(Parameters.java:86)
	at org.testng.internal.Invoker.invokeConfigurations(Invoker.java:199)
	at org.testng.internal.Invoker.invokeMethod(Invoker.java:653)
	at org.testng.internal.Invoker.invokeTestMethod(Invoker.java:901)
	at org.testng.internal.Invoker.invokeTestMethods(Invoker.java:1231)
	at org.testng.internal.TestMethodWorker.invokeTestMethods(TestMethodWorker.java:127)
	at org.testng.internal.TestMethodWorker.run(TestMethodWorker.java:111)
	at org.testng.TestRunner.privateRun(TestRunner.java:767)
	at org.testng.TestRunner.run(TestRunner.java:617)
	at org.testng.SuiteRunner.runTest(SuiteRunner.java:334)
	at org.testng.SuiteRunner.runSequentially(SuiteRunner.java:329)
	at org.testng.SuiteRunner.privateRun(SuiteRunner.java:291)
	at org.testng.SuiteRunner.run(SuiteRunner.java:240)
	at org.testng.SuiteRunnerWorker.runSuite(SuiteRunnerWorker.java:52)
	at org.testng.SuiteRunnerWorker.run(SuiteRunnerWorker.java:86)
	at org.testng.TestNG.runSuitesSequentially(TestNG.java:1224)
	at org.testng.TestNG.runSuitesLocally(TestNG.java:1149)
	at org.testng.TestNG.run(TestNG.java:1057)
	at org.apache.maven.surefire.testng.TestNGExecutor.run(TestNGExecutor.java:77)
	at org.apache.maven.surefire.testng.TestNGDirectoryTestSuite.executeMulti(TestNGDirectoryTestSuite.java:189)
	at org.apache.maven.surefire.testng.TestNGDirectoryTestSuite.execute(TestNGDirectoryTestSuite.java:105)
	at org.apache.maven.surefire.testng.TestNGProvider.invoke(TestNGProvider.java:117)
	at sun.reflect.NativeMethodAccessorImpl.invoke0(Native Method)
	at sun.reflect.NativeMethodAccessorImpl.invoke(Unknown Source)
	at sun.reflect.DelegatingMethodAccessorImpl.invoke(Unknown Source)
	at java.lang.reflect.Method.invoke(Unknown Source)
	at org.apache.maven.surefire.util.ReflectionUtils.invokeMethodWithArray2(ReflectionUtils.java:208)
	at org.apache.maven.surefire.booter.ProviderFactory$ProviderProxy.invoke(ProviderFactory.java:158)
	at org.apache.maven.surefire.booter.ProviderFactory.invokeProvider(ProviderFactory.java:86)
	at org.apache.maven.surefire.booter.ForkedBooter.runSuitesInProcess(ForkedBooter.java:153)
	at org.apache.maven.surefire.booter.ForkedBooter.main(ForkedBooter.java:95)
</failure>
    <system-out>Configuring TestNG with: TestNG652Configurator
</system-out>
  </testcase>
  <testcase name="testAppURL" classname="com.wbqa.samples.WD.TestMC" time="0.014">
    <skipped/>
  </testcase>
  <testcase name="closeFFBrowser" classname="com.wbqa.samples.WD.TestMC" time="0.017">
    <skipped/>
  </testcase>
  <testcase name="openBrowser" classname="com.wbqa.samples.WD.TestMC" time="0.025">
    <skipped/>
  </testcase>
  <testcase name="testTC1" classname="com.wbqa.samples.WD.TestMC" time="0.001">
    <skipped/>
  </testcase>
  <testcase name="closeFFBrowser" classname="com.wbqa.samples.WD.TestMC" time="0.003">
    <skipped/>
  </testcase>
  <testcase name="openBrowser" classname="com.wbqa.samples.WD.TestMC" time="0.007">
    <skipped/>
  </testcase>
  <testcase name="testTC2" classname="com.wbqa.samples.WD.TestMC" time="0.004">
    <skipped/>
  </testcase>
  <testcase name="closeFFBrowser" classname="com.wbqa.samples.WD.TestMC" time="0.005">
    <skipped/>
  </testcase>
  <testcase name="openBrowser" classname="com.wbqa.samples.WD.TestMC" time="0.009">
    <skipped/>
  </testcase>
  <testcase name="testwithVerifyTC1" classname="com.wbqa.samples.WD.TestMC" time="0.001">
    <skipped/>
  </testcase>
  <testcase name="closeFFBrowser" classname="com.wbqa.samples.WD.TestMC" time="0.003">
    <skipped/>
  </testcase>
  <testcase name="test1" classname="com.wbqa.samples.WD.TestMCRates" time="10.829">
    <failure message="Unable to locate element: {&quot;method&quot;:&quot;id&quot;,&quot;selector&quot;:&quot;sh_state&quot;}&#10;Command duration or timeout: 55 milliseconds&#10;For documentation on this error, please visit: http://seleniumhq.org/exceptions/no_such_element.html&#10;Build info: version: &apos;2.31.0&apos;, revision: &apos;1bd294d185a80fa4206dfeab80ba773c04ac33c0&apos;, time: &apos;2013-02-27 13:51:26&apos;&#10;System info: os.name: &apos;Windows 7&apos;, os.arch: &apos;amd64&apos;, os.version: &apos;6.1&apos;, java.version: &apos;1.6.0_37&apos;&#10;Session ID: 3a593985-1314-48ba-b7ce-0ec0333f4f42&#10;Driver info: org.openqa.selenium.firefox.FirefoxDriver&#10;Capabilities [{platform=XP, acceptSslCerts=true, javascriptEnabled=true, browserName=firefox, rotatable=false, locationContextEnabled=true, version=17.0.1, cssSelectorsEnabled=true, databaseEnabled=true, handlesAlerts=true, browserConnectionEnabled=true, nativeEvents=true, webStorageEnabled=true, applicationCacheEnabled=true, takesScreenshot=true}]" type="org.openqa.selenium.NoSuchElementException"><![CDATA[org.openqa.selenium.NoSuchElementException: Unable to locate element: {"method":"id","selector":"sh_state"}
Command duration or timeout: 55 milliseconds
For documentation on this error, please visit: http://seleniumhq.org/exceptions/no_such_element.html
Build info: version: '2.31.0', revision: '1bd294d185a80fa4206dfeab80ba773c04ac33c0', time: '2013-02-27 13:51:26'
System info: os.name: 'Windows 7', os.arch: 'amd64', os.version: '6.1', java.version: '1.6.0_37'
Session ID: 3a593985-1314-48ba-b7ce-0ec0333f4f42
Driver info: org.openqa.selenium.firefox.FirefoxDriver
Capabilities [{platform=XP, acceptSslCerts=true, javascriptEnabled=true, browserName=firefox, rotatable=false, locationContextEnabled=true, version=17.0.1, cssSelectorsEnabled=true, databaseEnabled=true, handlesAlerts=true, browserConnectionEnabled=true, nativeEvents=true, webStorageEnabled=true, applicationCacheEnabled=true, takesScreenshot=true}]
	at <anonymous class>.FirefoxDriver.findElementInternal_(file:///C:/Users/Shilpi/AppData/Local/Temp/anonymous6089488968997352659webdriver-profile/extensions/fxdriver@googlecode.com/components/driver_component.js:8281)
	at <anonymous class>.FirefoxDriver.findElement(file:///C:/Users/Shilpi/AppData/Local/Temp/anonymous6089488968997352659webdriver-profile/extensions/fxdriver@googlecode.com/components/driver_component.js:8290)
	at <anonymous class>.DelayedCommand.executeInternal_/h(file:///C:/Users/Shilpi/AppData/Local/Temp/anonymous6089488968997352659webdriver-profile/extensions/fxdriver@googlecode.com/components/command_processor.js:10272)
	at <anonymous class>.DelayedCommand.executeInternal_(file:///C:/Users/Shilpi/AppData/Local/Temp/anonymous6089488968997352659webdriver-profile/extensions/fxdriver@googlecode.com/components/command_processor.js:10277)
	at <anonymous class>.DelayedCommand.execute/<(file:///C:/Users/Shilpi/AppData/Local/Temp/anonymous6089488968997352659webdriver-profile/extensions/fxdriver@googlecode.com/components/command_processor.js:10217)
]]></failure>
  </testcase>
  <testcase name="test1" classname="com.wbqa.samples.WD.TestMCRates" time="5.313">
    <failure message="Unable to locate element: {&quot;method&quot;:&quot;id&quot;,&quot;selector&quot;:&quot;sh_state&quot;}&#10;Command duration or timeout: 36 milliseconds&#10;For documentation on this error, please visit: http://seleniumhq.org/exceptions/no_such_element.html&#10;Build info: version: &apos;2.31.0&apos;, revision: &apos;1bd294d185a80fa4206dfeab80ba773c04ac33c0&apos;, time: &apos;2013-02-27 13:51:26&apos;&#10;System info: os.name: &apos;Windows 7&apos;, os.arch: &apos;amd64&apos;, os.version: &apos;6.1&apos;, java.version: &apos;1.6.0_37&apos;&#10;Session ID: 4ee09721-74d5-4fe8-a726-ebdff79d7d57&#10;Driver info: org.openqa.selenium.firefox.FirefoxDriver&#10;Capabilities [{platform=XP, acceptSslCerts=true, javascriptEnabled=true, browserName=firefox, rotatable=false, locationContextEnabled=true, version=17.0.1, cssSelectorsEnabled=true, databaseEnabled=true, handlesAlerts=true, browserConnectionEnabled=true, nativeEvents=true, webStorageEnabled=true, applicationCacheEnabled=true, takesScreenshot=true}]" type="org.openqa.selenium.NoSuchElementException"><![CDATA[org.openqa.selenium.NoSuchElementException: Unable to locate element: {"method":"id","selector":"sh_state"}
Command duration or timeout: 36 milliseconds
For documentation on this error, please visit: http://seleniumhq.org/exceptions/no_such_element.html
Build info: version: '2.31.0', revision: '1bd294d185a80fa4206dfeab80ba773c04ac33c0', time: '2013-02-27 13:51:26'
System info: os.name: 'Windows 7', os.arch: 'amd64', os.version: '6.1', java.version: '1.6.0_37'
Session ID: 4ee09721-74d5-4fe8-a726-ebdff79d7d57
Driver info: org.openqa.selenium.firefox.FirefoxDriver
Capabilities [{platform=XP, acceptSslCerts=true, javascriptEnabled=true, browserName=firefox, rotatable=false, locationContextEnabled=true, version=17.0.1, cssSelectorsEnabled=true, databaseEnabled=true, handlesAlerts=true, browserConnectionEnabled=true, nativeEvents=true, webStorageEnabled=true, applicationCacheEnabled=true, takesScreenshot=true}]
	at <anonymous class>.FirefoxDriver.findElementInternal_(file:///C:/Users/Shilpi/AppData/Local/Temp/anonymous7771630248176664555webdriver-profile/extensions/fxdriver@googlecode.com/components/driver_component.js:8281)
	at <anonymous class>.FirefoxDriver.findElement(file:///C:/Users/Shilpi/AppData/Local/Temp/anonymous7771630248176664555webdriver-profile/extensions/fxdriver@googlecode.com/components/driver_component.js:8290)
	at <anonymous class>.DelayedCommand.executeInternal_/h(file:///C:/Users/Shilpi/AppData/Local/Temp/anonymous7771630248176664555webdriver-profile/extensions/fxdriver@googlecode.com/components/command_processor.js:10272)
	at <anonymous class>.DelayedCommand.executeInternal_(file:///C:/Users/Shilpi/AppData/Local/Temp/anonymous7771630248176664555webdriver-profile/extensions/fxdriver@googlecode.com/components/command_processor.js:10277)
	at <anonymous class>.DelayedCommand.execute/<(file:///C:/Users/Shilpi/AppData/Local/Temp/anonymous7771630248176664555webdriver-profile/extensions/fxdriver@googlecode.com/components/command_processor.js:10217)
]]></failure>
  </testcase>
  <testcase name="testAllImages" classname="com.wbqa.samples.WD.TestMC" time="5.321">
    <skipped/>
  </testcase>
</testsuite>