<?xml version="1.0" encoding="UTF-8"?>
<!-- Generated by org.testng.reporters.JUnitXMLReporter -->
<testsuite hostname="IND-ACER-LP1" name="Test" tests="12" failures="0" timestamp="10 Jul 2015 03:03:49 GMT" time="0.081" errors="0">
  <testcase name="f" time="0.004" classname="com.java.testNg.NewTest"/>
  <testcase name="f" time="0.001" classname="com.java.testNg.secondTest"/>
  <testcase name="f1" time="0.0" classname="com.java.testNg.secondTest"/>
  <testcase name="personDetails" time="0.001" classname="com.java.testNg.StringConTest"/>
  <testcase name="personDetails" time="0.009" classname="com.java.testNg.StringConTest"/>
  <testcase name="personDetails" time="0.001" classname="com.java.testNg.StringConTest"/>
  <testcase name="stringNotNull" time="0.009" classname="com.java.testNg.StringConTest"/>
  <testcase name="stringNullException" time="0.004" classname="com.java.testNg.StringConTest"/>
  <testcase name="innovaction" time="0.001" classname="com.java.testNg.StringConTest"/>
  <testcase name="innovaction" time="0.002" classname="com.java.testNg.StringConTest"/>
  <testcase name="stringGroups" time="0.001" classname="com.java.testNg.StringConTest"/>
  <testcase name="f" time="0.001" classname="com.java.testNg.NewTest1"/>
</testsuite> <!-- Test -->
