<?xml version="1.0" encoding="UTF-8"?>
<testng-results skipped="2" failed="0" total="2" passed="0">
  <reporter-output>
  </reporter-output>
  <suite name="Default suite" duration-ms="82" started-at="2013-04-09T23:11:09Z" finished-at="2013-04-09T23:11:09Z">
    <groups>
    </groups>
    <test name="Default test" duration-ms="82" started-at="2013-04-09T23:11:09Z" finished-at="2013-04-09T23:11:09Z">
      <class name="com.wbqa.samples.WD.TestESHomePage">
        <test-method status="FAIL" signature="openBrowser(java.lang.String)[pri:0, instance:com.wbqa.samples.WD.TestESHomePage@ed42d08]" name="openBrowser" is-config="true" duration-ms="0" started-at="2013-04-09T16:11:09Z" finished-at="2013-04-09T16:11:09Z">
          <exception class="org.testng.TestNGException">
            <message>
              <![CDATA[
Parameter 'browser' is required by @Configuration on method openBrowser but has not been marked @Optional or defined
in C:\Users\Shilpi\AppData\Local\Temp\testng-eclipse-1251740636\testng-customsuite.xml]]>
            </message>
            <full-stacktrace>
              <![CDATA[org.testng.TestNGException: 
Parameter 'browser' is required by @Configuration on method openBrowser but has not been marked @Optional or defined
in C:\Users\Shilpi\AppData\Local\Temp\testng-eclipse-1251740636\testng-customsuite.xml
	at org.testng.internal.Parameters.createParameters(Parameters.java:155)
	at org.testng.internal.Parameters.createParameters(Parameters.java:355)
	at org.testng.internal.Parameters.createConfigurationParameters(Parameters.java:86)
	at org.testng.internal.Invoker.invokeConfigurations(Invoker.java:199)
	at org.testng.internal.Invoker.invokeMethod(Invoker.java:653)
	at org.testng.internal.Invoker.invokeTestMethod(Invoker.java:901)
	at org.testng.internal.Invoker.invokeTestMethods(Invoker.java:1231)
	at org.testng.internal.TestMethodWorker.invokeTestMethods(TestMethodWorker.java:128)
	at org.testng.internal.TestMethodWorker.run(TestMethodWorker.java:111)
	at org.testng.TestRunner.privateRun(TestRunner.java:767)
	at org.testng.TestRunner.run(TestRunner.java:617)
	at org.testng.SuiteRunner.runTest(SuiteRunner.java:334)
	at org.testng.SuiteRunner.runSequentially(SuiteRunner.java:329)
	at org.testng.SuiteRunner.privateRun(SuiteRunner.java:291)
	at org.testng.SuiteRunner.run(SuiteRunner.java:240)
	at org.testng.SuiteRunnerWorker.runSuite(SuiteRunnerWorker.java:52)
	at org.testng.SuiteRunnerWorker.run(SuiteRunnerWorker.java:86)
	at org.testng.TestNG.runSuitesSequentially(TestNG.java:1203)
	at org.testng.TestNG.runSuitesLocally(TestNG.java:1128)
	at org.testng.TestNG.run(TestNG.java:1036)
	at org.testng.remote.RemoteTestNG.run(RemoteTestNG.java:111)
	at org.testng.remote.RemoteTestNG.initAndRun(RemoteTestNG.java:204)
	at org.testng.remote.RemoteTestNG.main(RemoteTestNG.java:175)
]]>
            </full-stacktrace>
          </exception> <!-- org.testng.TestNGException -->
          <reporter-output>
          </reporter-output>
        </test-method> <!-- openBrowser -->
        <test-method status="SKIP" signature="testInvalid()[pri:0, instance:com.wbqa.samples.WD.TestESHomePage@ed42d08]" name="testInvalid" duration-ms="12" started-at="2013-04-09T16:11:09Z" finished-at="2013-04-09T16:11:09Z">
          <reporter-output>
          </reporter-output>
        </test-method> <!-- testInvalid -->
        <test-method status="SKIP" signature="openBrowser(java.lang.String)[pri:0, instance:com.wbqa.samples.WD.TestESHomePage@ed42d08]" name="openBrowser" is-config="true" duration-ms="0" started-at="2013-04-09T16:11:09Z" finished-at="2013-04-09T16:11:09Z">
          <reporter-output>
          </reporter-output>
        </test-method> <!-- openBrowser -->
        <test-method status="SKIP" signature="testValid()[pri:0, instance:com.wbqa.samples.WD.TestESHomePage@ed42d08]" name="testValid" duration-ms="1" started-at="2013-04-09T16:11:09Z" finished-at="2013-04-09T16:11:09Z">
          <reporter-output>
          </reporter-output>
        </test-method> <!-- testValid -->
      </class> <!-- com.wbqa.samples.WD.TestESHomePage -->
    </test> <!-- Default test -->
  </suite> <!-- Default suite -->
</testng-results>
