<?xml version="1.0" encoding="UTF-8"?>
<!-- Generated by org.testng.reporters.JUnitXMLReporter -->
<testsuite hostname="Shilpi-THINK" name="Chrome" tests="4" failures="1" timestamp="7 Jun 2013 19:44:34 GMT" time="18.777" errors="0">
  <testcase name="testBrowseLinks" time="5.22" classname="com.wbqa.wd.test.TestHomePage"/>
  <testcase name="testSRLogo" time="3.586" classname="com.wbqa.wd.test.TestHomePage">
    <failure type="java.lang.AssertionError" message="Sony Image not found">
      <![CDATA[java.lang.AssertionError: Sony Image not found
	at com.wbqa.wd.utilities.MyAssertion.verifyTrue(MyAssertion.java:16)
	at com.wbqa.wd.test.TestHomePage.testSRLogo(TestHomePage.java:70)
... Removed 25 stack frames]]>
    </failure>
  </testcase> <!-- testSRLogo -->
  <testcase name="testSRurl" time="2.667" classname="com.wbqa.wd.test.TestHomePage"/>
  <testcase name="testSearch" time="4.482" classname="com.wbqa.wd.test.TestHomePage"/>
</testsuite> <!-- Chrome -->
