<?xml version="1.0" encoding="UTF-8"?>
<!-- Generated by org.testng.reporters.JUnitXMLReporter -->
<testsuite hostname="Shilpi-THINK" name="Firefox" tests="4" failures="1" timestamp="7 Jun 2013 19:44:15 GMT" time="23.164" errors="0">
  <testcase name="testBrowseLinks" time="5.309" classname="com.wbqa.wd.test.TestHomePage"/>
  <testcase name="testSRLogo" time="2.919" classname="com.wbqa.wd.test.TestHomePage">
    <failure type="java.lang.AssertionError" message="Sony Image not found">
      <![CDATA[java.lang.AssertionError: Sony Image not found
	at com.wbqa.wd.utilities.MyAssertion.verifyTrue(MyAssertion.java:16)
	at com.wbqa.wd.test.TestHomePage.testSRLogo(TestHomePage.java:70)
... Removed 25 stack frames]]>
    </failure>
  </testcase> <!-- testSRLogo -->
  <testcase name="testSRurl" time="3.148" classname="com.wbqa.wd.test.TestHomePage"/>
  <testcase name="testSearch" time="4.19" classname="com.wbqa.wd.test.TestHomePage"/>
</testsuite> <!-- Firefox -->
