<?xml version="1.0" encoding="UTF-8"?>
<!-- Generated by org.testng.reporters.JUnitXMLReporter -->
<testsuite hostname="Shilpi-THINK" name="MC" tests="1" failures="1" timestamp="10 Jun 2013 19:43:55 GMT" time="14.209" errors="0">
  <testcase name="testLike" time="7.475" classname="com.wbqa.wd.test.TestMCHomePage">
    <failure type="java.lang.AssertionError" message="expected [Facebook] but found []">
      <![CDATA[java.lang.AssertionError: expected [Facebook] but found []
	at com.wbqa.wd.test.TestMCHomePage.testLike(TestMCHomePage.java:54)
... Removed 29 stack frames]]>
    </failure>
  </testcase> <!-- testLike -->
</testsuite> <!-- MC -->
